[0.016s] Invoking command in '/home/ubuntu/ros2_ws/build/lab1_turtle_cpp': CMAKE_PREFIX_PATH=${CMAKE_PREFIX_PATH}:/home/ubuntu/ros2_ws/install/lab1_turtle_py:/opt/ros/jazzy DEBUGINFOD_URLS=https://debuginfod.ubuntu.com /usr/bin/cmake --build /home/ubuntu/ros2_ws/build/lab1_turtle_cpp -- -j2 -l2
[0.038s] -- Found ament_cmake: 2.5.6 (/opt/ros/jazzy/share/ament_cmake/cmake)
[0.162s] -- Found rclcpp: 28.1.18 (/opt/ros/jazzy/share/rclcpp/cmake)
[0.178s] -- Found rosidl_generator_c: 4.6.7 (/opt/ros/jazzy/share/rosidl_generator_c/cmake)
[0.183s] -- Found rosidl_generator_cpp: 4.6.7 (/opt/ros/jazzy/share/rosidl_generator_cpp/cmake)
[0.192s] -- Using all available rosidl_typesupport_c: rosidl_typesupport_fastrtps_c;rosidl_typesupport_introspection_c
[0.199s] -- Using all available rosidl_typesupport_cpp: rosidl_typesupport_fastrtps_cpp;rosidl_typesupport_introspection_cpp
[0.234s] -- Found rmw_implementation_cmake: 7.3.3 (/opt/ros/jazzy/share/rmw_implementation_cmake/cmake)
[0.235s] -- Found rmw_fastrtps_cpp: 8.4.3 (/opt/ros/jazzy/share/rmw_fastrtps_cpp/cmake)
[0.269s] -- Using RMW implementation 'rmw_fastrtps_cpp' as default
[0.298s] -- Found geometry_msgs: 5.3.7 (/opt/ros/jazzy/share/geometry_msgs/cmake)
[0.308s] -- Found ament_lint_auto: 0.17.5 (/opt/ros/jazzy/share/ament_lint_auto/cmake)
[0.362s] -- Added test 'cppcheck' to perform static code analysis on C / C++ code
[0.363s] -- Configured cppcheck include dirs: 
[0.364s] -- Configured cppcheck exclude dirs and/or files: 
[0.365s] -- Added test 'lint_cmake' to check CMake code style
[0.368s] -- Added test 'uncrustify' to check C / C++ code style
[0.369s] -- Configured uncrustify additional arguments: 
[0.369s] -- Added test 'xmllint' to check XML markup files
[0.372s] -- Configuring done (0.3s)
[0.397s] -- Generating done (0.0s)
[0.408s] -- Build files have been written to: /home/ubuntu/ros2_ws/build/lab1_turtle_cpp
[0.696s] [ 50%] [32mBuilding CXX object CMakeFiles/square_driver.dir/src/square_driver.cpp.o[0m
[2.083s] [100%] [32m[1mLinking CXX executable square_driver[0m
[2.202s] [100%] Built target square_driver
[2.206s] Invoked command in '/home/ubuntu/ros2_ws/build/lab1_turtle_cpp' returned '0': CMAKE_PREFIX_PATH=${CMAKE_PREFIX_PATH}:/home/ubuntu/ros2_ws/install/lab1_turtle_py:/opt/ros/jazzy DEBUGINFOD_URLS=https://debuginfod.ubuntu.com /usr/bin/cmake --build /home/ubuntu/ros2_ws/build/lab1_turtle_cpp -- -j2 -l2
[2.211s] Invoking command in '/home/ubuntu/ros2_ws/build/lab1_turtle_cpp': CMAKE_PREFIX_PATH=${CMAKE_PREFIX_PATH}:/home/ubuntu/ros2_ws/install/lab1_turtle_py:/opt/ros/jazzy DEBUGINFOD_URLS=https://debuginfod.ubuntu.com /usr/bin/cmake --install /home/ubuntu/ros2_ws/build/lab1_turtle_cpp
[2.216s] -- Install configuration: ""
[2.217s] -- Installing: /home/ubuntu/ros2_ws/install/lab1_turtle_cpp/lib/lab1_turtle_cpp/square_driver
[2.229s] -- Set non-toolchain portion of runtime path of "/home/ubuntu/ros2_ws/install/lab1_turtle_cpp/lib/lab1_turtle_cpp/square_driver" to ""
[2.230s] -- Up-to-date: /home/ubuntu/ros2_ws/install/lab1_turtle_cpp/share/ament_index/resource_index/package_run_dependencies/lab1_turtle_cpp
[2.230s] -- Up-to-date: /home/ubuntu/ros2_ws/install/lab1_turtle_cpp/share/ament_index/resource_index/parent_prefix_path/lab1_turtle_cpp
[2.230s] -- Up-to-date: /home/ubuntu/ros2_ws/install/lab1_turtle_cpp/share/lab1_turtle_cpp/environment/ament_prefix_path.sh
[2.231s] -- Up-to-date: /home/ubuntu/ros2_ws/install/lab1_turtle_cpp/share/lab1_turtle_cpp/environment/ament_prefix_path.dsv
[2.231s] -- Up-to-date: /home/ubuntu/ros2_ws/install/lab1_turtle_cpp/share/lab1_turtle_cpp/environment/path.sh
[2.231s] -- Up-to-date: /home/ubuntu/ros2_ws/install/lab1_turtle_cpp/share/lab1_turtle_cpp/environment/path.dsv
[2.232s] -- Up-to-date: /home/ubuntu/ros2_ws/install/lab1_turtle_cpp/share/lab1_turtle_cpp/local_setup.bash
[2.232s] -- Up-to-date: /home/ubuntu/ros2_ws/install/lab1_turtle_cpp/share/lab1_turtle_cpp/local_setup.sh
[2.233s] -- Up-to-date: /home/ubuntu/ros2_ws/install/lab1_turtle_cpp/share/lab1_turtle_cpp/local_setup.zsh
[2.233s] -- Up-to-date: /home/ubuntu/ros2_ws/install/lab1_turtle_cpp/share/lab1_turtle_cpp/local_setup.dsv
[2.234s] -- Installing: /home/ubuntu/ros2_ws/install/lab1_turtle_cpp/share/lab1_turtle_cpp/package.dsv
[2.235s] -- Up-to-date: /home/ubuntu/ros2_ws/install/lab1_turtle_cpp/share/ament_index/resource_index/packages/lab1_turtle_cpp
[2.236s] -- Up-to-date: /home/ubuntu/ros2_ws/install/lab1_turtle_cpp/share/lab1_turtle_cpp/cmake/lab1_turtle_cppConfig.cmake
[2.236s] -- Up-to-date: /home/ubuntu/ros2_ws/install/lab1_turtle_cpp/share/lab1_turtle_cpp/cmake/lab1_turtle_cppConfig-version.cmake
[2.236s] -- Up-to-date: /home/ubuntu/ros2_ws/install/lab1_turtle_cpp/share/lab1_turtle_cpp/package.xml
[2.237s] Invoked command in '/home/ubuntu/ros2_ws/build/lab1_turtle_cpp' returned '0': CMAKE_PREFIX_PATH=${CMAKE_PREFIX_PATH}:/home/ubuntu/ros2_ws/install/lab1_turtle_py:/opt/ros/jazzy DEBUGINFOD_URLS=https://debuginfod.ubuntu.com /usr/bin/cmake --install /home/ubuntu/ros2_ws/build/lab1_turtle_cpp
