[0.041s] DEBUG:colcon:Command line arguments: ['/usr/bin/colcon', 'build']
[0.041s] DEBUG:colcon:Parsed command line arguments: Namespace(log_base=None, log_level=None, verb_name='build', build_base='build', install_base='install', merge_install=False, symlink_install=False, test_result_base=None, continue_on_error=False, executor='parallel', parallel_workers=2, event_handlers=None, ignore_user_meta=False, metas=['./colcon.meta'], base_paths=['.'], packages_ignore=None, packages_ignore_regex=None, paths=None, packages_up_to=None, packages_up_to_regex=None, packages_above=None, packages_above_and_dependencies=None, packages_above_depth=None, packages_select_by_dep=None, packages_skip_by_dep=None, packages_skip_up_to=None, packages_select_build_failed=False, packages_skip_build_finished=False, packages_select_test_failures=False, packages_skip_test_passed=False, packages_select=None, packages_skip=None, packages_select_regex=None, packages_skip_regex=None, packages_start=None, packages_end=None, allow_overriding=[], cmake_args=None, cmake_target=None, cmake_target_skip_unavailable=False, cmake_clean_cache=False, cmake_clean_first=False, cmake_force_configure=False, ament_cmake_args=None, catkin_cmake_args=None, catkin_skip_building_tests=False, verb_parser=<colcon_defaults.argument_parser.defaults.DefaultArgumentsDecorator object at 0xf2b32e454500>, verb_extension=<colcon_core.verb.build.BuildVerb object at 0xf2b32e454440>, main=<bound method BuildVerb.main of <colcon_core.verb.build.BuildVerb object at 0xf2b32e454440>>)
[0.054s] Level 1:colcon.colcon_core.package_discovery:discover_packages(colcon_meta) check parameters
[0.055s] Level 1:colcon.colcon_core.package_discovery:discover_packages(recursive) check parameters
[0.055s] Level 1:colcon.colcon_core.package_discovery:discover_packages(ignore) check parameters
[0.055s] Level 1:colcon.colcon_core.package_discovery:discover_packages(path) check parameters
[0.055s] Level 1:colcon.colcon_core.package_discovery:discover_packages(colcon_meta) discover
[0.055s] Level 1:colcon.colcon_core.package_discovery:discover_packages(recursive) discover
[0.055s] INFO:colcon.colcon_core.package_discovery:Crawling recursively for packages in '/home/ubuntu/ros2_ws'
[0.056s] Level 1:colcon.colcon_core.package_identification:_identify(.) by extensions ['ignore', 'ignore_ament_install']
[0.056s] Level 1:colcon.colcon_core.package_identification:_identify(.) by extension 'ignore'
[0.056s] Level 1:colcon.colcon_core.package_identification:_identify(.) by extension 'ignore_ament_install'
[0.056s] Level 1:colcon.colcon_core.package_identification:_identify(.) by extensions ['colcon_pkg']
[0.056s] Level 1:colcon.colcon_core.package_identification:_identify(.) by extension 'colcon_pkg'
[0.056s] Level 1:colcon.colcon_core.package_identification:_identify(.) by extensions ['colcon_meta']
[0.056s] Level 1:colcon.colcon_core.package_identification:_identify(.) by extension 'colcon_meta'
[0.056s] Level 1:colcon.colcon_core.package_identification:_identify(.) by extensions ['ros']
[0.057s] Level 1:colcon.colcon_core.package_identification:_identify(.) by extension 'ros'
[0.066s] Level 1:colcon.colcon_core.package_identification:_identify(.) by extensions ['cmake', 'python']
[0.066s] Level 1:colcon.colcon_core.package_identification:_identify(.) by extension 'cmake'
[0.066s] Level 1:colcon.colcon_core.package_identification:_identify(.) by extension 'python'
[0.066s] Level 1:colcon.colcon_core.package_identification:_identify(.) by extensions ['python_setup_py']
[0.066s] Level 1:colcon.colcon_core.package_identification:_identify(.) by extension 'python_setup_py'
[0.066s] Level 1:colcon.colcon_core.package_identification:_identify(build) by extensions ['ignore', 'ignore_ament_install']
[0.067s] Level 1:colcon.colcon_core.package_identification:_identify(build) by extension 'ignore'
[0.067s] Level 1:colcon.colcon_core.package_identification:_identify(build) ignored
[0.067s] Level 1:colcon.colcon_core.package_identification:_identify(install) by extensions ['ignore', 'ignore_ament_install']
[0.067s] Level 1:colcon.colcon_core.package_identification:_identify(install) by extension 'ignore'
[0.067s] Level 1:colcon.colcon_core.package_identification:_identify(install) ignored
[0.068s] Level 1:colcon.colcon_core.package_identification:_identify(log) by extensions ['ignore', 'ignore_ament_install']
[0.068s] Level 1:colcon.colcon_core.package_identification:_identify(log) by extension 'ignore'
[0.068s] Level 1:colcon.colcon_core.package_identification:_identify(log) ignored
[0.068s] Level 1:colcon.colcon_core.package_identification:_identify(src) by extensions ['ignore', 'ignore_ament_install']
[0.068s] Level 1:colcon.colcon_core.package_identification:_identify(src) by extension 'ignore'
[0.069s] Level 1:colcon.colcon_core.package_identification:_identify(src) by extension 'ignore_ament_install'
[0.069s] Level 1:colcon.colcon_core.package_identification:_identify(src) by extensions ['colcon_pkg']
[0.069s] Level 1:colcon.colcon_core.package_identification:_identify(src) by extension 'colcon_pkg'
[0.069s] Level 1:colcon.colcon_core.package_identification:_identify(src) by extensions ['colcon_meta']
[0.069s] Level 1:colcon.colcon_core.package_identification:_identify(src) by extension 'colcon_meta'
[0.069s] Level 1:colcon.colcon_core.package_identification:_identify(src) by extensions ['ros']
[0.069s] Level 1:colcon.colcon_core.package_identification:_identify(src) by extension 'ros'
[0.070s] Level 1:colcon.colcon_core.package_identification:_identify(src) by extensions ['cmake', 'python']
[0.070s] Level 1:colcon.colcon_core.package_identification:_identify(src) by extension 'cmake'
[0.070s] Level 1:colcon.colcon_core.package_identification:_identify(src) by extension 'python'
[0.070s] Level 1:colcon.colcon_core.package_identification:_identify(src) by extensions ['python_setup_py']
[0.070s] Level 1:colcon.colcon_core.package_identification:_identify(src) by extension 'python_setup_py'
[0.070s] Level 1:colcon.colcon_core.package_identification:_identify(src/lab1_turtle_cpp) by extensions ['ignore', 'ignore_ament_install']
[0.071s] Level 1:colcon.colcon_core.package_identification:_identify(src/lab1_turtle_cpp) by extension 'ignore'
[0.071s] Level 1:colcon.colcon_core.package_identification:_identify(src/lab1_turtle_cpp) by extension 'ignore_ament_install'
[0.071s] Level 1:colcon.colcon_core.package_identification:_identify(src/lab1_turtle_cpp) by extensions ['colcon_pkg']
[0.071s] Level 1:colcon.colcon_core.package_identification:_identify(src/lab1_turtle_cpp) by extension 'colcon_pkg'
[0.071s] Level 1:colcon.colcon_core.package_identification:_identify(src/lab1_turtle_cpp) by extensions ['colcon_meta']
[0.071s] Level 1:colcon.colcon_core.package_identification:_identify(src/lab1_turtle_cpp) by extension 'colcon_meta'
[0.071s] Level 1:colcon.colcon_core.package_identification:_identify(src/lab1_turtle_cpp) by extensions ['ros']
[0.071s] Level 1:colcon.colcon_core.package_identification:_identify(src/lab1_turtle_cpp) by extension 'ros'
[0.073s] DEBUG:colcon.colcon_core.package_identification:Package 'src/lab1_turtle_cpp' with type 'ros.ament_cmake' and name 'lab1_turtle_cpp'
[0.073s] Level 1:colcon.colcon_core.package_identification:_identify(src/lab1_turtle_py) by extensions ['ignore', 'ignore_ament_install']
[0.073s] Level 1:colcon.colcon_core.package_identification:_identify(src/lab1_turtle_py) by extension 'ignore'
[0.073s] Level 1:colcon.colcon_core.package_identification:_identify(src/lab1_turtle_py) by extension 'ignore_ament_install'
[0.073s] Level 1:colcon.colcon_core.package_identification:_identify(src/lab1_turtle_py) by extensions ['colcon_pkg']
[0.073s] Level 1:colcon.colcon_core.package_identification:_identify(src/lab1_turtle_py) by extension 'colcon_pkg'
[0.074s] Level 1:colcon.colcon_core.package_identification:_identify(src/lab1_turtle_py) by extensions ['colcon_meta']
[0.074s] Level 1:colcon.colcon_core.package_identification:_identify(src/lab1_turtle_py) by extension 'colcon_meta'
[0.074s] Level 1:colcon.colcon_core.package_identification:_identify(src/lab1_turtle_py) by extensions ['ros']
[0.074s] Level 1:colcon.colcon_core.package_identification:_identify(src/lab1_turtle_py) by extension 'ros'
[0.074s] DEBUG:colcon.colcon_core.package_identification:Package 'src/lab1_turtle_py' with type 'ros.ament_python' and name 'lab1_turtle_py'
[0.074s] Level 1:colcon.colcon_core.package_discovery:discover_packages(recursive) using defaults
[0.075s] Level 1:colcon.colcon_core.package_discovery:discover_packages(ignore) discover
[0.075s] Level 1:colcon.colcon_core.package_discovery:discover_packages(ignore) using defaults
[0.075s] Level 1:colcon.colcon_core.package_discovery:discover_packages(path) discover
[0.075s] Level 1:colcon.colcon_core.package_discovery:discover_packages(path) using defaults
[0.081s] Level 1:colcon.colcon_core.package_discovery:discover_packages(prefix_path) check parameters
[0.081s] Level 1:colcon.colcon_core.package_discovery:discover_packages(prefix_path) discover
[0.083s] DEBUG:colcon.colcon_installed_package_information.package_discovery:Found 2 installed packages in /home/ubuntu/ros2_ws/install
[0.084s] DEBUG:colcon.colcon_installed_package_information.package_discovery:Found 319 installed packages in /opt/ros/jazzy
[0.084s] Level 1:colcon.colcon_core.package_discovery:discover_packages(prefix_path) using defaults
[0.099s] Level 5:colcon.colcon_core.verb:set package 'lab1_turtle_cpp' build argument 'cmake_args' from command line to 'None'
[0.099s] Level 5:colcon.colcon_core.verb:set package 'lab1_turtle_cpp' build argument 'cmake_target' from command line to 'None'
[0.099s] Level 5:colcon.colcon_core.verb:set package 'lab1_turtle_cpp' build argument 'cmake_target_skip_unavailable' from command line to 'False'
[0.099s] Level 5:colcon.colcon_core.verb:set package 'lab1_turtle_cpp' build argument 'cmake_clean_cache' from command line to 'False'
[0.099s] Level 5:colcon.colcon_core.verb:set package 'lab1_turtle_cpp' build argument 'cmake_clean_first' from command line to 'False'
[0.100s] Level 5:colcon.colcon_core.verb:set package 'lab1_turtle_cpp' build argument 'cmake_force_configure' from command line to 'False'
[0.100s] Level 5:colcon.colcon_core.verb:set package 'lab1_turtle_cpp' build argument 'ament_cmake_args' from command line to 'None'
[0.100s] Level 5:colcon.colcon_core.verb:set package 'lab1_turtle_cpp' build argument 'catkin_cmake_args' from command line to 'None'
[0.100s] Level 5:colcon.colcon_core.verb:set package 'lab1_turtle_cpp' build argument 'catkin_skip_building_tests' from command line to 'False'
[0.100s] DEBUG:colcon.colcon_core.verb:Building package 'lab1_turtle_cpp' with the following arguments: {'ament_cmake_args': None, 'build_base': '/home/ubuntu/ros2_ws/build/lab1_turtle_cpp', 'catkin_cmake_args': None, 'catkin_skip_building_tests': False, 'cmake_args': None, 'cmake_clean_cache': False, 'cmake_clean_first': False, 'cmake_force_configure': False, 'cmake_target': None, 'cmake_target_skip_unavailable': False, 'install_base': '/home/ubuntu/ros2_ws/install/lab1_turtle_cpp', 'merge_install': False, 'path': '/home/ubuntu/ros2_ws/src/lab1_turtle_cpp', 'symlink_install': False, 'test_result_base': None}
[0.100s] Level 5:colcon.colcon_core.verb:set package 'lab1_turtle_py' build argument 'cmake_args' from command line to 'None'
[0.100s] Level 5:colcon.colcon_core.verb:set package 'lab1_turtle_py' build argument 'cmake_target' from command line to 'None'
[0.100s] Level 5:colcon.colcon_core.verb:set package 'lab1_turtle_py' build argument 'cmake_target_skip_unavailable' from command line to 'False'
[0.100s] Level 5:colcon.colcon_core.verb:set package 'lab1_turtle_py' build argument 'cmake_clean_cache' from command line to 'False'
[0.100s] Level 5:colcon.colcon_core.verb:set package 'lab1_turtle_py' build argument 'cmake_clean_first' from command line to 'False'
[0.100s] Level 5:colcon.colcon_core.verb:set package 'lab1_turtle_py' build argument 'cmake_force_configure' from command line to 'False'
[0.101s] Level 5:colcon.colcon_core.verb:set package 'lab1_turtle_py' build argument 'ament_cmake_args' from command line to 'None'
[0.101s] Level 5:colcon.colcon_core.verb:set package 'lab1_turtle_py' build argument 'catkin_cmake_args' from command line to 'None'
[0.101s] Level 5:colcon.colcon_core.verb:set package 'lab1_turtle_py' build argument 'catkin_skip_building_tests' from command line to 'False'
[0.101s] DEBUG:colcon.colcon_core.verb:Building package 'lab1_turtle_py' with the following arguments: {'ament_cmake_args': None, 'build_base': '/home/ubuntu/ros2_ws/build/lab1_turtle_py', 'catkin_cmake_args': None, 'catkin_skip_building_tests': False, 'cmake_args': None, 'cmake_clean_cache': False, 'cmake_clean_first': False, 'cmake_force_configure': False, 'cmake_target': None, 'cmake_target_skip_unavailable': False, 'install_base': '/home/ubuntu/ros2_ws/install/lab1_turtle_py', 'merge_install': False, 'path': '/home/ubuntu/ros2_ws/src/lab1_turtle_py', 'symlink_install': False, 'test_result_base': None}
[0.101s] INFO:colcon.colcon_core.executor:Executing jobs using 'parallel' executor
[0.101s] DEBUG:colcon.colcon_parallel_executor.executor.parallel:run_until_complete
[0.102s] INFO:colcon.colcon_ros.task.ament_cmake.build:Building ROS package in '/home/ubuntu/ros2_ws/src/lab1_turtle_cpp' with build type 'ament_cmake'
[0.102s] INFO:colcon.colcon_cmake.task.cmake.build:Building CMake package in '/home/ubuntu/ros2_ws/src/lab1_turtle_cpp'
[0.102s] INFO:colcon.colcon_core.plugin_system:Skipping extension 'colcon_core.shell.bat': Not used on non-Windows systems
[0.102s] INFO:colcon.colcon_core.shell:Skip shell extension 'powershell' for command environment: Not usable outside of PowerShell
[0.103s] DEBUG:colcon.colcon_core.shell:Skip shell extension 'dsv' for command environment
[0.106s] INFO:colcon.colcon_ros.task.ament_python.build:Building ROS package in '/home/ubuntu/ros2_ws/src/lab1_turtle_py' with build type 'ament_python'
[0.106s] Level 1:colcon.colcon_core.shell:create_environment_hook('lab1_turtle_py', 'ament_prefix_path')
[0.106s] INFO:colcon.colcon_core.shell:Creating environment hook '/home/ubuntu/ros2_ws/install/lab1_turtle_py/share/lab1_turtle_py/hook/ament_prefix_path.ps1'
[0.107s] INFO:colcon.colcon_core.shell:Creating environment descriptor '/home/ubuntu/ros2_ws/install/lab1_turtle_py/share/lab1_turtle_py/hook/ament_prefix_path.dsv'
[0.108s] INFO:colcon.colcon_core.shell:Creating environment hook '/home/ubuntu/ros2_ws/install/lab1_turtle_py/share/lab1_turtle_py/hook/ament_prefix_path.sh'
[0.109s] INFO:colcon.colcon_core.shell:Skip shell extension 'powershell' for command environment: Not usable outside of PowerShell
[0.109s] DEBUG:colcon.colcon_core.shell:Skip shell extension 'dsv' for command environment
[0.120s] DEBUG:colcon.colcon_core.event_handler.log_command:Invoking command in '/home/ubuntu/ros2_ws/build/lab1_turtle_cpp': CMAKE_PREFIX_PATH=${CMAKE_PREFIX_PATH}:/home/ubuntu/ros2_ws/install/lab1_turtle_py:/opt/ros/jazzy DEBUGINFOD_URLS=https://debuginfod.ubuntu.com /usr/bin/cmake --build /home/ubuntu/ros2_ws/build/lab1_turtle_cpp -- -j2 -l2
[0.226s] INFO:colcon.colcon_core.task.python.build:Building Python package in '/home/ubuntu/ros2_ws/src/lab1_turtle_py'
[0.226s] INFO:colcon.colcon_core.shell:Skip shell extension 'powershell' for command environment: Not usable outside of PowerShell
[0.226s] DEBUG:colcon.colcon_core.shell:Skip shell extension 'dsv' for command environment
[0.514s] DEBUG:colcon.colcon_core.event_handler.log_command:Invoking command in '/home/ubuntu/ros2_ws/src/lab1_turtle_py': DEBUGINFOD_URLS=https://debuginfod.ubuntu.com PYTHONPATH=/home/ubuntu/ros2_ws/build/lab1_turtle_py/prefix_override:/usr/lib/python3/dist-packages/colcon_core/task/python/colcon_distutils_commands:/home/ubuntu/ros2_ws/install/lab1_turtle_py/lib/python3.12/site-packages:${PYTHONPATH} /usr/bin/python3 -W ignore:setup.py install is deprecated -W ignore:easy_install command is deprecated setup.py egg_info --egg-base ../../build/lab1_turtle_py build --build-base /home/ubuntu/ros2_ws/build/lab1_turtle_py/build install --record /home/ubuntu/ros2_ws/build/lab1_turtle_py/install.log --single-version-externally-managed install_data
[0.801s] DEBUG:colcon.colcon_core.event_handler.log_command:Invoked command in '/home/ubuntu/ros2_ws/src/lab1_turtle_py' returned '0': DEBUGINFOD_URLS=https://debuginfod.ubuntu.com PYTHONPATH=/home/ubuntu/ros2_ws/build/lab1_turtle_py/prefix_override:/usr/lib/python3/dist-packages/colcon_core/task/python/colcon_distutils_commands:/home/ubuntu/ros2_ws/install/lab1_turtle_py/lib/python3.12/site-packages:${PYTHONPATH} /usr/bin/python3 -W ignore:setup.py install is deprecated -W ignore:easy_install command is deprecated setup.py egg_info --egg-base ../../build/lab1_turtle_py build --build-base /home/ubuntu/ros2_ws/build/lab1_turtle_py/build install --record /home/ubuntu/ros2_ws/build/lab1_turtle_py/install.log --single-version-externally-managed install_data
[0.801s] Level 1:colcon.colcon_core.environment:checking '/home/ubuntu/ros2_ws/install/lab1_turtle_py' for CMake module files
[0.805s] Level 1:colcon.colcon_core.environment:checking '/home/ubuntu/ros2_ws/install/lab1_turtle_py' for CMake config files
[0.810s] Level 1:colcon.colcon_core.environment:checking '/home/ubuntu/ros2_ws/install/lab1_turtle_py/lib'
[0.810s] Level 1:colcon.colcon_core.environment:checking '/home/ubuntu/ros2_ws/install/lab1_turtle_py/bin'
[0.810s] Level 1:colcon.colcon_core.environment:checking '/home/ubuntu/ros2_ws/install/lab1_turtle_py/lib/pkgconfig/lab1_turtle_py.pc'
[0.810s] Level 1:colcon.colcon_core.environment:checking '/home/ubuntu/ros2_ws/install/lab1_turtle_py/lib/python3.12/site-packages'
[0.811s] Level 1:colcon.colcon_core.shell:create_environment_hook('lab1_turtle_py', 'pythonpath')
[0.811s] INFO:colcon.colcon_core.shell:Creating environment hook '/home/ubuntu/ros2_ws/install/lab1_turtle_py/share/lab1_turtle_py/hook/pythonpath.ps1'
[0.813s] INFO:colcon.colcon_core.shell:Creating environment descriptor '/home/ubuntu/ros2_ws/install/lab1_turtle_py/share/lab1_turtle_py/hook/pythonpath.dsv'
[0.813s] INFO:colcon.colcon_core.shell:Creating environment hook '/home/ubuntu/ros2_ws/install/lab1_turtle_py/share/lab1_turtle_py/hook/pythonpath.sh'
[0.815s] Level 1:colcon.colcon_core.environment:checking '/home/ubuntu/ros2_ws/install/lab1_turtle_py/bin'
[0.816s] Level 1:colcon.colcon_core.environment:create_environment_scripts_only(lab1_turtle_py)
[0.816s] INFO:colcon.colcon_core.shell:Creating package script '/home/ubuntu/ros2_ws/install/lab1_turtle_py/share/lab1_turtle_py/package.ps1'
[0.818s] INFO:colcon.colcon_core.shell:Creating package descriptor '/home/ubuntu/ros2_ws/install/lab1_turtle_py/share/lab1_turtle_py/package.dsv'
[0.819s] INFO:colcon.colcon_core.shell:Creating package script '/home/ubuntu/ros2_ws/install/lab1_turtle_py/share/lab1_turtle_py/package.sh'
[0.819s] INFO:colcon.colcon_core.shell:Creating package script '/home/ubuntu/ros2_ws/install/lab1_turtle_py/share/lab1_turtle_py/package.bash'
[0.820s] INFO:colcon.colcon_core.shell:Creating package script '/home/ubuntu/ros2_ws/install/lab1_turtle_py/share/lab1_turtle_py/package.zsh'
[0.820s] Level 1:colcon.colcon_core.environment:create_file_with_runtime_dependencies(/home/ubuntu/ros2_ws/install/lab1_turtle_py/share/colcon-core/packages/lab1_turtle_py)
[2.440s] DEBUG:colcon.colcon_core.event_handler.log_command:Invoked command in '/home/ubuntu/ros2_ws/build/lab1_turtle_cpp' returned '0': CMAKE_PREFIX_PATH=${CMAKE_PREFIX_PATH}:/home/ubuntu/ros2_ws/install/lab1_turtle_py:/opt/ros/jazzy DEBUGINFOD_URLS=https://debuginfod.ubuntu.com /usr/bin/cmake --build /home/ubuntu/ros2_ws/build/lab1_turtle_cpp -- -j2 -l2
[2.447s] DEBUG:colcon.colcon_core.event_handler.log_command:Invoking command in '/home/ubuntu/ros2_ws/build/lab1_turtle_cpp': CMAKE_PREFIX_PATH=${CMAKE_PREFIX_PATH}:/home/ubuntu/ros2_ws/install/lab1_turtle_py:/opt/ros/jazzy DEBUGINFOD_URLS=https://debuginfod.ubuntu.com /usr/bin/cmake --install /home/ubuntu/ros2_ws/build/lab1_turtle_cpp
[2.476s] Level 1:colcon.colcon_core.environment:create_environment_scripts_only(lab1_turtle_cpp)
[2.476s] Level 1:colcon.colcon_core.environment:checking '/home/ubuntu/ros2_ws/install/lab1_turtle_cpp' for CMake module files
[2.476s] DEBUG:colcon.colcon_core.event_handler.log_command:Invoked command in '/home/ubuntu/ros2_ws/build/lab1_turtle_cpp' returned '0': CMAKE_PREFIX_PATH=${CMAKE_PREFIX_PATH}:/home/ubuntu/ros2_ws/install/lab1_turtle_py:/opt/ros/jazzy DEBUGINFOD_URLS=https://debuginfod.ubuntu.com /usr/bin/cmake --install /home/ubuntu/ros2_ws/build/lab1_turtle_cpp
[2.479s] Level 1:colcon.colcon_core.environment:checking '/home/ubuntu/ros2_ws/install/lab1_turtle_cpp' for CMake config files
[2.479s] Level 1:colcon.colcon_core.shell:create_environment_hook('lab1_turtle_cpp', 'cmake_prefix_path')
[2.480s] INFO:colcon.colcon_core.shell:Creating environment hook '/home/ubuntu/ros2_ws/install/lab1_turtle_cpp/share/lab1_turtle_cpp/hook/cmake_prefix_path.ps1'
[2.482s] INFO:colcon.colcon_core.shell:Creating environment descriptor '/home/ubuntu/ros2_ws/install/lab1_turtle_cpp/share/lab1_turtle_cpp/hook/cmake_prefix_path.dsv'
[2.483s] INFO:colcon.colcon_core.shell:Creating environment hook '/home/ubuntu/ros2_ws/install/lab1_turtle_cpp/share/lab1_turtle_cpp/hook/cmake_prefix_path.sh'
[2.483s] Level 1:colcon.colcon_core.environment:checking '/home/ubuntu/ros2_ws/install/lab1_turtle_cpp/lib'
[2.483s] Level 1:colcon.colcon_core.environment:checking '/home/ubuntu/ros2_ws/install/lab1_turtle_cpp/bin'
[2.484s] Level 1:colcon.colcon_core.environment:checking '/home/ubuntu/ros2_ws/install/lab1_turtle_cpp/lib/pkgconfig/lab1_turtle_cpp.pc'
[2.484s] Level 1:colcon.colcon_core.environment:checking '/home/ubuntu/ros2_ws/install/lab1_turtle_cpp/lib/python3.12/site-packages'
[2.484s] Level 1:colcon.colcon_core.environment:checking '/home/ubuntu/ros2_ws/install/lab1_turtle_cpp/bin'
[2.484s] INFO:colcon.colcon_core.shell:Creating package script '/home/ubuntu/ros2_ws/install/lab1_turtle_cpp/share/lab1_turtle_cpp/package.ps1'
[2.485s] INFO:colcon.colcon_core.shell:Creating package descriptor '/home/ubuntu/ros2_ws/install/lab1_turtle_cpp/share/lab1_turtle_cpp/package.dsv'
[2.485s] INFO:colcon.colcon_core.shell:Creating package script '/home/ubuntu/ros2_ws/install/lab1_turtle_cpp/share/lab1_turtle_cpp/package.sh'
[2.486s] INFO:colcon.colcon_core.shell:Creating package script '/home/ubuntu/ros2_ws/install/lab1_turtle_cpp/share/lab1_turtle_cpp/package.bash'
[2.487s] INFO:colcon.colcon_core.shell:Creating package script '/home/ubuntu/ros2_ws/install/lab1_turtle_cpp/share/lab1_turtle_cpp/package.zsh'
[2.487s] Level 1:colcon.colcon_core.environment:create_file_with_runtime_dependencies(/home/ubuntu/ros2_ws/install/lab1_turtle_cpp/share/colcon-core/packages/lab1_turtle_cpp)
[2.489s] Level 1:colcon.colcon_core.environment:create_environment_scripts_only(lab1_turtle_cpp)
[2.489s] Level 1:colcon.colcon_core.environment:checking '/home/ubuntu/ros2_ws/install/lab1_turtle_cpp' for CMake module files
[2.490s] Level 1:colcon.colcon_core.environment:checking '/home/ubuntu/ros2_ws/install/lab1_turtle_cpp' for CMake config files
[2.491s] Level 1:colcon.colcon_core.shell:create_environment_hook('lab1_turtle_cpp', 'cmake_prefix_path')
[2.491s] INFO:colcon.colcon_core.shell:Creating environment hook '/home/ubuntu/ros2_ws/install/lab1_turtle_cpp/share/lab1_turtle_cpp/hook/cmake_prefix_path.ps1'
[2.491s] INFO:colcon.colcon_core.shell:Creating environment descriptor '/home/ubuntu/ros2_ws/install/lab1_turtle_cpp/share/lab1_turtle_cpp/hook/cmake_prefix_path.dsv'
[2.492s] INFO:colcon.colcon_core.shell:Creating environment hook '/home/ubuntu/ros2_ws/install/lab1_turtle_cpp/share/lab1_turtle_cpp/hook/cmake_prefix_path.sh'
[2.492s] Level 1:colcon.colcon_core.environment:checking '/home/ubuntu/ros2_ws/install/lab1_turtle_cpp/lib'
[2.493s] Level 1:colcon.colcon_core.environment:checking '/home/ubuntu/ros2_ws/install/lab1_turtle_cpp/bin'
[2.493s] Level 1:colcon.colcon_core.environment:checking '/home/ubuntu/ros2_ws/install/lab1_turtle_cpp/lib/pkgconfig/lab1_turtle_cpp.pc'
[2.493s] Level 1:colcon.colcon_core.environment:checking '/home/ubuntu/ros2_ws/install/lab1_turtle_cpp/lib/python3.12/site-packages'
[2.493s] Level 1:colcon.colcon_core.environment:checking '/home/ubuntu/ros2_ws/install/lab1_turtle_cpp/bin'
[2.493s] INFO:colcon.colcon_core.shell:Creating package script '/home/ubuntu/ros2_ws/install/lab1_turtle_cpp/share/lab1_turtle_cpp/package.ps1'
[2.494s] INFO:colcon.colcon_core.shell:Creating package descriptor '/home/ubuntu/ros2_ws/install/lab1_turtle_cpp/share/lab1_turtle_cpp/package.dsv'
[2.495s] INFO:colcon.colcon_core.shell:Creating package script '/home/ubuntu/ros2_ws/install/lab1_turtle_cpp/share/lab1_turtle_cpp/package.sh'
[2.495s] INFO:colcon.colcon_core.shell:Creating package script '/home/ubuntu/ros2_ws/install/lab1_turtle_cpp/share/lab1_turtle_cpp/package.bash'
[2.496s] INFO:colcon.colcon_core.shell:Creating package script '/home/ubuntu/ros2_ws/install/lab1_turtle_cpp/share/lab1_turtle_cpp/package.zsh'
[2.496s] Level 1:colcon.colcon_core.environment:create_file_with_runtime_dependencies(/home/ubuntu/ros2_ws/install/lab1_turtle_cpp/share/colcon-core/packages/lab1_turtle_cpp)
[2.497s] DEBUG:colcon.colcon_parallel_executor.executor.parallel:closing loop
[2.497s] DEBUG:colcon.colcon_parallel_executor.executor.parallel:loop closed
[2.497s] DEBUG:colcon.colcon_parallel_executor.executor.parallel:run_until_complete finished with '0'
[2.497s] DEBUG:colcon.colcon_core.event_reactor:joining thread
[2.501s] INFO:colcon.colcon_core.plugin_system:Skipping extension 'colcon_notification.desktop_notification.terminal_notifier': Not used on non-Darwin systems
[2.501s] INFO:colcon.colcon_core.plugin_system:Skipping extension 'colcon_notification.desktop_notification.win32': Not used on non-Windows systems
[2.501s] INFO:colcon.colcon_notification.desktop_notification:Sending desktop notification using 'notify2'
[2.568s] DEBUG:colcon.colcon_core.event_reactor:joined thread
[2.569s] INFO:colcon.colcon_core.shell:Creating prefix script '/home/ubuntu/ros2_ws/install/local_setup.ps1'
[2.570s] INFO:colcon.colcon_core.shell:Creating prefix util module '/home/ubuntu/ros2_ws/install/_local_setup_util_ps1.py'
[2.571s] INFO:colcon.colcon_core.shell:Creating prefix chain script '/home/ubuntu/ros2_ws/install/setup.ps1'
[2.573s] INFO:colcon.colcon_core.shell:Creating prefix script '/home/ubuntu/ros2_ws/install/local_setup.sh'
[2.573s] INFO:colcon.colcon_core.shell:Creating prefix util module '/home/ubuntu/ros2_ws/install/_local_setup_util_sh.py'
[2.576s] INFO:colcon.colcon_core.shell:Creating prefix chain script '/home/ubuntu/ros2_ws/install/setup.sh'
[2.579s] INFO:colcon.colcon_core.shell:Creating prefix script '/home/ubuntu/ros2_ws/install/local_setup.bash'
[2.580s] INFO:colcon.colcon_core.shell:Creating prefix chain script '/home/ubuntu/ros2_ws/install/setup.bash'
[2.582s] INFO:colcon.colcon_core.shell:Creating prefix script '/home/ubuntu/ros2_ws/install/local_setup.zsh'
[2.582s] INFO:colcon.colcon_core.shell:Creating prefix chain script '/home/ubuntu/ros2_ws/install/setup.zsh'
