[0.018s] Invoking command in '/home/ubuntu/ros2_ws/build/lab1_turtle_cpp': CMAKE_PREFIX_PATH=${CMAKE_PREFIX_PATH}:/opt/ros/jazzy DEBUGINFOD_URLS=https://debuginfod.ubuntu.com /usr/bin/cmake /home/ubuntu/ros2_ws/src/lab1_turtle_cpp -DCMAKE_INSTALL_PREFIX=/home/ubuntu/ros2_ws/install/lab1_turtle_cpp
[0.119s] -- The C compiler identification is GNU 13.3.0
[0.196s] -- The CXX compiler identification is GNU 13.3.0
[0.209s] -- Detecting C compiler ABI info
[0.306s] -- Detecting C compiler ABI info - done
[0.328s] -- Check for working C compiler: /usr/bin/cc - skipped
[0.329s] -- Detecting C compile features
[0.330s] -- Detecting C compile features - done
[0.337s] -- Detecting CXX compiler ABI info
[0.439s] -- Detecting CXX compiler ABI info - done
[0.456s] -- Check for working CXX compiler: /usr/bin/c++ - skipped
[0.457s] -- Detecting CXX compile features
[0.458s] -- Detecting CXX compile features - done
[0.465s] -- Found ament_cmake: 2.5.6 (/opt/ros/jazzy/share/ament_cmake/cmake)
[0.562s] -- Found Python3: /usr/bin/python3 (found version "3.12.3") found components: Interpreter 
[0.687s] -- Found rclcpp: 28.1.18 (/opt/ros/jazzy/share/rclcpp/cmake)
[0.754s] -- Found rosidl_generator_c: 4.6.7 (/opt/ros/jazzy/share/rosidl_generator_c/cmake)
[0.771s] -- Found rosidl_generator_cpp: 4.6.7 (/opt/ros/jazzy/share/rosidl_generator_cpp/cmake)
[0.789s] -- Using all available rosidl_typesupport_c: rosidl_typesupport_fastrtps_c;rosidl_typesupport_introspection_c
[0.810s] -- Using all available rosidl_typesupport_cpp: rosidl_typesupport_fastrtps_cpp;rosidl_typesupport_introspection_cpp
[0.891s] -- Found rmw_implementation_cmake: 7.3.3 (/opt/ros/jazzy/share/rmw_implementation_cmake/cmake)
[0.896s] -- Found rmw_fastrtps_cpp: 8.4.3 (/opt/ros/jazzy/share/rmw_fastrtps_cpp/cmake)
[0.957s] -- Found OpenSSL: /usr/lib/aarch64-linux-gnu/libcrypto.so (found version "3.0.13")  
[0.970s] -- Found FastRTPS: /opt/ros/jazzy/include (Required is at least version "2.13") 
[0.979s] -- Using RMW implementation 'rmw_fastrtps_cpp' as default
[1.030s] -- Found geometry_msgs: 5.3.7 (/opt/ros/jazzy/share/geometry_msgs/cmake)
[1.051s] -- Found ament_lint_auto: 0.17.5 (/opt/ros/jazzy/share/ament_lint_auto/cmake)
[1.134s] -- Added test 'lint_cmake' to check CMake code style
[1.142s] -- Added test 'xmllint' to check XML markup files
[1.149s] -- Configuring done (1.1s)
[1.171s] -- Generating done (0.0s)
[1.181s] -- Build files have been written to: /home/ubuntu/ros2_ws/build/lab1_turtle_cpp
[1.186s] Invoked command in '/home/ubuntu/ros2_ws/build/lab1_turtle_cpp' returned '0': CMAKE_PREFIX_PATH=${CMAKE_PREFIX_PATH}:/opt/ros/jazzy DEBUGINFOD_URLS=https://debuginfod.ubuntu.com /usr/bin/cmake /home/ubuntu/ros2_ws/src/lab1_turtle_cpp -DCMAKE_INSTALL_PREFIX=/home/ubuntu/ros2_ws/install/lab1_turtle_cpp
[1.187s] Invoking command in '/home/ubuntu/ros2_ws/build/lab1_turtle_cpp': CMAKE_PREFIX_PATH=${CMAKE_PREFIX_PATH}:/opt/ros/jazzy DEBUGINFOD_URLS=https://debuginfod.ubuntu.com /usr/bin/cmake --build /home/ubuntu/ros2_ws/build/lab1_turtle_cpp -- -j2 -l2
[1.209s] Invoked command in '/home/ubuntu/ros2_ws/build/lab1_turtle_cpp' returned '0': CMAKE_PREFIX_PATH=${CMAKE_PREFIX_PATH}:/opt/ros/jazzy DEBUGINFOD_URLS=https://debuginfod.ubuntu.com /usr/bin/cmake --build /home/ubuntu/ros2_ws/build/lab1_turtle_cpp -- -j2 -l2
[1.215s] Invoking command in '/home/ubuntu/ros2_ws/build/lab1_turtle_cpp': CMAKE_PREFIX_PATH=${CMAKE_PREFIX_PATH}:/opt/ros/jazzy DEBUGINFOD_URLS=https://debuginfod.ubuntu.com /usr/bin/cmake --install /home/ubuntu/ros2_ws/build/lab1_turtle_cpp
[1.220s] -- Install configuration: ""
[1.221s] -- Installing: /home/ubuntu/ros2_ws/install/lab1_turtle_cpp/share/ament_index/resource_index/package_run_dependencies/lab1_turtle_cpp
[1.223s] -- Installing: /home/ubuntu/ros2_ws/install/lab1_turtle_cpp/share/ament_index/resource_index/parent_prefix_path/lab1_turtle_cpp
[1.225s] -- Installing: /home/ubuntu/ros2_ws/install/lab1_turtle_cpp/share/lab1_turtle_cpp/environment/ament_prefix_path.sh
[1.226s] -- Installing: /home/ubuntu/ros2_ws/install/lab1_turtle_cpp/share/lab1_turtle_cpp/environment/ament_prefix_path.dsv
[1.228s] -- Installing: /home/ubuntu/ros2_ws/install/lab1_turtle_cpp/share/lab1_turtle_cpp/environment/path.sh
[1.230s] -- Installing: /home/ubuntu/ros2_ws/install/lab1_turtle_cpp/share/lab1_turtle_cpp/environment/path.dsv
[1.231s] -- Installing: /home/ubuntu/ros2_ws/install/lab1_turtle_cpp/share/lab1_turtle_cpp/local_setup.bash
[1.232s] -- Installing: /home/ubuntu/ros2_ws/install/lab1_turtle_cpp/share/lab1_turtle_cpp/local_setup.sh
[1.234s] -- Installing: /home/ubuntu/ros2_ws/install/lab1_turtle_cpp/share/lab1_turtle_cpp/local_setup.zsh
[1.235s] -- Installing: /home/ubuntu/ros2_ws/install/lab1_turtle_cpp/share/lab1_turtle_cpp/local_setup.dsv
[1.237s] -- Installing: /home/ubuntu/ros2_ws/install/lab1_turtle_cpp/share/lab1_turtle_cpp/package.dsv
[1.241s] -- Installing: /home/ubuntu/ros2_ws/install/lab1_turtle_cpp/share/ament_index/resource_index/packages/lab1_turtle_cpp
[1.245s] -- Installing: /home/ubuntu/ros2_ws/install/lab1_turtle_cpp/share/lab1_turtle_cpp/cmake/lab1_turtle_cppConfig.cmake
[1.246s] -- Installing: /home/ubuntu/ros2_ws/install/lab1_turtle_cpp/share/lab1_turtle_cpp/cmake/lab1_turtle_cppConfig-version.cmake
[1.247s] -- Installing: /home/ubuntu/ros2_ws/install/lab1_turtle_cpp/share/lab1_turtle_cpp/package.xml
[1.250s] Invoked command in '/home/ubuntu/ros2_ws/build/lab1_turtle_cpp' returned '0': CMAKE_PREFIX_PATH=${CMAKE_PREFIX_PATH}:/opt/ros/jazzy DEBUGINFOD_URLS=https://debuginfod.ubuntu.com /usr/bin/cmake --install /home/ubuntu/ros2_ws/build/lab1_turtle_cpp
