running egg_info
creating ../../build/lab1_turtle_py/lab1_turtle_py.egg-info
writing ../../build/lab1_turtle_py/lab1_turtle_py.egg-info/PKG-INFO
writing dependency_links to ../../build/lab1_turtle_py/lab1_turtle_py.egg-info/dependency_links.txt
writing entry points to ../../build/lab1_turtle_py/lab1_turtle_py.egg-info/entry_points.txt
writing requirements to ../../build/lab1_turtle_py/lab1_turtle_py.egg-info/requires.txt
writing top-level names to ../../build/lab1_turtle_py/lab1_turtle_py.egg-info/top_level.txt
writing manifest file '../../build/lab1_turtle_py/lab1_turtle_py.egg-info/SOURCES.txt'
reading manifest file '../../build/lab1_turtle_py/lab1_turtle_py.egg-info/SOURCES.txt'
writing manifest file '../../build/lab1_turtle_py/lab1_turtle_py.egg-info/SOURCES.txt'
running build
running build_py
creating /home/ubuntu/ros2_ws/build/lab1_turtle_py/build
creating /home/ubuntu/ros2_ws/build/lab1_turtle_py/build/lib
creating /home/ubuntu/ros2_ws/build/lab1_turtle_py/build/lib/lab1_turtle_py
copying lab1_turtle_py/__init__.py -> /home/ubuntu/ros2_ws/build/lab1_turtle_py/build/lib/lab1_turtle_py
copying lab1_turtle_py/square_driver.py -> /home/ubuntu/ros2_ws/build/lab1_turtle_py/build/lib/lab1_turtle_py
running install
running install_lib
creating /home/ubuntu/ros2_ws/install/lab1_turtle_py/lib/python3.12/site-packages/lab1_turtle_py
copying /home/ubuntu/ros2_ws/build/lab1_turtle_py/build/lib/lab1_turtle_py/__init__.py -> /home/ubuntu/ros2_ws/install/lab1_turtle_py/lib/python3.12/site-packages/lab1_turtle_py
copying /home/ubuntu/ros2_ws/build/lab1_turtle_py/build/lib/lab1_turtle_py/square_driver.py -> /home/ubuntu/ros2_ws/install/lab1_turtle_py/lib/python3.12/site-packages/lab1_turtle_py
byte-compiling /home/ubuntu/ros2_ws/install/lab1_turtle_py/lib/python3.12/site-packages/lab1_turtle_py/__init__.py to __init__.cpython-312.pyc
byte-compiling /home/ubuntu/ros2_ws/install/lab1_turtle_py/lib/python3.12/site-packages/lab1_turtle_py/square_driver.py to square_driver.cpython-312.pyc
running install_data
creating /home/ubuntu/ros2_ws/install/lab1_turtle_py/share/ament_index
creating /home/ubuntu/ros2_ws/install/lab1_turtle_py/share/ament_index/resource_index
creating /home/ubuntu/ros2_ws/install/lab1_turtle_py/share/ament_index/resource_index/packages
copying resource/lab1_turtle_py -> /home/ubuntu/ros2_ws/install/lab1_turtle_py/share/ament_index/resource_index/packages
copying package.xml -> /home/ubuntu/ros2_ws/install/lab1_turtle_py/share/lab1_turtle_py
running install_egg_info
Copying ../../build/lab1_turtle_py/lab1_turtle_py.egg-info to /home/ubuntu/ros2_ws/install/lab1_turtle_py/lib/python3.12/site-packages/lab1_turtle_py-0.0.0-py3.12.egg-info
running install_scripts
Installing square_driver script to /home/ubuntu/ros2_ws/install/lab1_turtle_py/lib/lab1_turtle_py
writing list of installed files to '/home/ubuntu/ros2_ws/build/lab1_turtle_py/install.log'
